{"/Users/wengjiaojiao/Documents/project/guess-number-javascript/spec/support/answer-generator-spec.js":{"path":"/Users/wengjiaojiao/Documents/project/guess-number-javascript/spec/support/answer-generator-spec.js","s":{"1":1,"2":1,"3":1,"4":1,"5":1,"6":1,"7":2,"8":9,"9":1,"10":1,"11":1,"12":1,"13":1,"14":1,"15":1,"16":1,"17":1,"18":1},"b":{},"f":{"1":1,"2":1,"3":2,"4":9,"5":1,"6":1},"fnMap":{"1":{"name":"(anonymous_1)","line":5,"loc":{"start":{"line":5,"column":28},"end":{"line":5,"column":39}}},"2":{"name":"(anonymous_2)","line":6,"loc":{"start":{"line":6,"column":38},"end":{"line":6,"column":49}}},"3":{"name":"(anonymous_3)","line":10,"loc":{"start":{"line":10,"column":19},"end":{"line":10,"column":30}}},"4":{"name":"(anonymous_4)","line":11,"loc":{"start":{"line":11,"column":45},"end":{"line":11,"column":56}}},"5":{"name":"(anonymous_5)","line":16,"loc":{"start":{"line":16,"column":55},"end":{"line":16,"column":66}}},"6":{"name":"(anonymous_6)","line":24,"loc":{"start":{"line":24,"column":51},"end":{"line":24,"column":62}}}},"statementMap":{"1":{"start":{"line":3,"column":0},"end":{"line":3,"column":66}},"2":{"start":{"line":5,"column":0},"end":{"line":32,"column":3}},"3":{"start":{"line":6,"column":4},"end":{"line":31,"column":7}},"4":{"start":{"line":7,"column":8},"end":{"line":7,"column":24}},"5":{"start":{"line":8,"column":8},"end":{"line":8,"column":14}},"6":{"start":{"line":10,"column":8},"end":{"line":14,"column":11}},"7":{"start":{"line":11,"column":11},"end":{"line":13,"column":14}},"8":{"start":{"line":12,"column":16},"end":{"line":12,"column":40}},"9":{"start":{"line":16,"column":8},"end":{"line":22,"column":11}},"10":{"start":{"line":17,"column":12},"end":{"line":17,"column":52}},"11":{"start":{"line":18,"column":12},"end":{"line":18,"column":18}},"12":{"start":{"line":19,"column":12},"end":{"line":19,"column":47}},"13":{"start":{"line":21,"column":12},"end":{"line":21,"column":61}},"14":{"start":{"line":24,"column":8},"end":{"line":30,"column":11}},"15":{"start":{"line":25,"column":12},"end":{"line":25,"column":58}},"16":{"start":{"line":26,"column":12},"end":{"line":26,"column":18}},"17":{"start":{"line":27,"column":12},"end":{"line":27,"column":47}},"18":{"start":{"line":29,"column":12},"end":{"line":29,"column":61}}},"branchMap":{}},"/Users/wengjiaojiao/Documents/project/guess-number-javascript/src/model/answer-generator.js":{"path":"/Users/wengjiaojiao/Documents/project/guess-number-javascript/src/model/answer-generator.js","s":{"1":1,"2":6,"3":1,"4":5,"5":5,"6":5,"7":12,"8":12,"9":11,"10":5,"11":1},"b":{"1":[11,1]},"f":{"1":6,"2":5},"fnMap":{"1":{"name":"answerGenerator","line":6,"loc":{"start":{"line":6,"column":0},"end":{"line":6,"column":27}}},"2":{"name":"(anonymous_2)","line":10,"loc":{"start":{"line":10,"column":47},"end":{"line":10,"column":59}}}},"statementMap":{"1":{"start":{"line":6,"column":0},"end":{"line":8,"column":1}},"2":{"start":{"line":7,"column":4},"end":{"line":7,"column":29}},"3":{"start":{"line":10,"column":0},"end":{"line":22,"column":1}},"4":{"start":{"line":11,"column":4},"end":{"line":11,"column":19}},"5":{"start":{"line":13,"column":4},"end":{"line":13,"column":29}},"6":{"start":{"line":15,"column":4},"end":{"line":20,"column":5}},"7":{"start":{"line":16,"column":8},"end":{"line":16,"column":48}},"8":{"start":{"line":17,"column":8},"end":{"line":19,"column":9}},"9":{"start":{"line":18,"column":12},"end":{"line":18,"column":42}},"10":{"start":{"line":21,"column":4},"end":{"line":21,"column":31}},"11":{"start":{"line":24,"column":0},"end":{"line":24,"column":33}}},"branchMap":{"1":{"line":17,"type":"if","locations":[{"start":{"line":17,"column":8},"end":{"line":17,"column":8}},{"start":{"line":17,"column":8},"end":{"line":17,"column":8}}]}}},"/Users/wengjiaojiao/Documents/project/guess-number-javascript/spec/support/compare-number-spec.js":{"path":"/Users/wengjiaojiao/Documents/project/guess-number-javascript/spec/support/compare-number-spec.js","s":{"1":1,"2":1,"3":1,"4":1,"5":1,"6":1,"7":1,"8":1,"9":1,"10":1,"11":1,"12":1,"13":1,"14":1,"15":1},"b":{},"f":{"1":1,"2":1,"3":1,"4":1,"5":1,"6":1},"fnMap":{"1":{"name":"(anonymous_1)","line":8,"loc":{"start":{"line":8,"column":25},"end":{"line":8,"column":36}}},"2":{"name":"(anonymous_2)","line":9,"loc":{"start":{"line":9,"column":27},"end":{"line":9,"column":38}}},"3":{"name":"(anonymous_3)","line":11,"loc":{"start":{"line":11,"column":32},"end":{"line":11,"column":43}}},"4":{"name":"(anonymous_4)","line":17,"loc":{"start":{"line":17,"column":32},"end":{"line":17,"column":43}}},"5":{"name":"(anonymous_5)","line":23,"loc":{"start":{"line":23,"column":32},"end":{"line":23,"column":43}}},"6":{"name":"(anonymous_6)","line":29,"loc":{"start":{"line":29,"column":32},"end":{"line":29,"column":43}}}},"statementMap":{"1":{"start":{"line":6,"column":0},"end":{"line":6,"column":62}},"2":{"start":{"line":8,"column":0},"end":{"line":35,"column":3}},"3":{"start":{"line":9,"column":4},"end":{"line":34,"column":7}},"4":{"start":{"line":11,"column":8},"end":{"line":15,"column":11}},"5":{"start":{"line":12,"column":10},"end":{"line":12,"column":61}},"6":{"start":{"line":14,"column":10},"end":{"line":14,"column":38}},"7":{"start":{"line":17,"column":8},"end":{"line":21,"column":11}},"8":{"start":{"line":18,"column":12},"end":{"line":18,"column":63}},"9":{"start":{"line":20,"column":12},"end":{"line":20,"column":40}},"10":{"start":{"line":23,"column":8},"end":{"line":27,"column":11}},"11":{"start":{"line":24,"column":12},"end":{"line":24,"column":63}},"12":{"start":{"line":26,"column":12},"end":{"line":26,"column":40}},"13":{"start":{"line":29,"column":8},"end":{"line":33,"column":11}},"14":{"start":{"line":30,"column":12},"end":{"line":30,"column":63}},"15":{"start":{"line":32,"column":12},"end":{"line":32,"column":40}}},"branchMap":{}},"/Users/wengjiaojiao/Documents/project/guess-number-javascript/src/model/compare-number.js":{"path":"/Users/wengjiaojiao/Documents/project/guess-number-javascript/src/model/compare-number.js","s":{"1":1,"2":1,"3":7,"4":7,"5":7,"6":31,"7":10,"8":10,"9":21,"10":10,"11":7,"12":1},"b":{"1":[10,21],"2":[10,11]},"f":{"1":0,"2":7},"fnMap":{"1":{"name":"compareNumber","line":6,"loc":{"start":{"line":6,"column":0},"end":{"line":6,"column":25}}},"2":{"name":"(anonymous_2)","line":11,"loc":{"start":{"line":11,"column":24},"end":{"line":11,"column":48}}}},"statementMap":{"1":{"start":{"line":6,"column":0},"end":{"line":8,"column":1}},"2":{"start":{"line":11,"column":0},"end":{"line":25,"column":1}},"3":{"start":{"line":12,"column":4},"end":{"line":12,"column":20}},"4":{"start":{"line":13,"column":4},"end":{"line":13,"column":20}},"5":{"start":{"line":15,"column":4},"end":{"line":23,"column":5}},"6":{"start":{"line":16,"column":8},"end":{"line":19,"column":9}},"7":{"start":{"line":17,"column":12},"end":{"line":17,"column":23}},"8":{"start":{"line":18,"column":12},"end":{"line":18,"column":21}},"9":{"start":{"line":20,"column":8},"end":{"line":22,"column":9}},"10":{"start":{"line":21,"column":12},"end":{"line":21,"column":23}},"11":{"start":{"line":24,"column":4},"end":{"line":24,"column":41}},"12":{"start":{"line":28,"column":0},"end":{"line":28,"column":31}}},"branchMap":{"1":{"line":16,"type":"if","locations":[{"start":{"line":16,"column":8},"end":{"line":16,"column":8}},{"start":{"line":16,"column":8},"end":{"line":16,"column":8}}]},"2":{"line":20,"type":"if","locations":[{"start":{"line":20,"column":8},"end":{"line":20,"column":8}},{"start":{"line":20,"column":8},"end":{"line":20,"column":8}}]}}},"/Users/wengjiaojiao/Documents/project/guess-number-javascript/spec/support/guess-spec.js":{"path":"/Users/wengjiaojiao/Documents/project/guess-number-javascript/spec/support/guess-spec.js","s":{"1":1,"2":1,"3":1,"4":1,"5":3,"6":3,"7":1,"8":1,"9":1,"10":1,"11":1,"12":1,"13":1,"14":1,"15":1,"16":1,"17":1,"18":1},"b":{},"f":{"1":1,"2":1,"3":3,"4":3,"5":1,"6":1,"7":1},"fnMap":{"1":{"name":"(anonymous_1)","line":5,"loc":{"start":{"line":5,"column":18},"end":{"line":5,"column":29}}},"2":{"name":"(anonymous_2)","line":6,"loc":{"start":{"line":6,"column":31},"end":{"line":6,"column":42}}},"3":{"name":"(anonymous_3)","line":7,"loc":{"start":{"line":7,"column":19},"end":{"line":7,"column":30}}},"4":{"name":"(anonymous_4)","line":8,"loc":{"start":{"line":8,"column":47},"end":{"line":8,"column":58}}},"5":{"name":"(anonymous_5)","line":13,"loc":{"start":{"line":13,"column":49},"end":{"line":13,"column":60}}},"6":{"name":"(anonymous_6)","line":20,"loc":{"start":{"line":20,"column":57},"end":{"line":20,"column":68}}},"7":{"name":"(anonymous_7)","line":27,"loc":{"start":{"line":27,"column":55},"end":{"line":27,"column":66}}}},"statementMap":{"1":{"start":{"line":3,"column":0},"end":{"line":3,"column":45}},"2":{"start":{"line":5,"column":0},"end":{"line":34,"column":3}},"3":{"start":{"line":6,"column":4},"end":{"line":33,"column":7}},"4":{"start":{"line":7,"column":8},"end":{"line":11,"column":11}},"5":{"start":{"line":8,"column":12},"end":{"line":10,"column":15}},"6":{"start":{"line":9,"column":12},"end":{"line":9,"column":26}},"7":{"start":{"line":13,"column":8},"end":{"line":18,"column":11}},"8":{"start":{"line":14,"column":12},"end":{"line":14,"column":31}},"9":{"start":{"line":15,"column":12},"end":{"line":15,"column":56}},"10":{"start":{"line":17,"column":12},"end":{"line":17,"column":40}},"11":{"start":{"line":20,"column":8},"end":{"line":25,"column":11}},"12":{"start":{"line":21,"column":12},"end":{"line":21,"column":31}},"13":{"start":{"line":22,"column":12},"end":{"line":22,"column":56}},"14":{"start":{"line":24,"column":12},"end":{"line":24,"column":40}},"15":{"start":{"line":27,"column":8},"end":{"line":32,"column":11}},"16":{"start":{"line":28,"column":12},"end":{"line":28,"column":31}},"17":{"start":{"line":29,"column":12},"end":{"line":29,"column":56}},"18":{"start":{"line":31,"column":12},"end":{"line":31,"column":40}}},"branchMap":{}},"/Users/wengjiaojiao/Documents/project/guess-number-javascript/src/model/guess.js":{"path":"/Users/wengjiaojiao/Documents/project/guess-number-javascript/src/model/guess.js","s":{"1":1,"2":1,"3":1,"4":4,"5":1,"6":4,"7":4,"8":1},"b":{},"f":{"1":4,"2":4},"fnMap":{"1":{"name":"Guess","line":4,"loc":{"start":{"line":4,"column":0},"end":{"line":4,"column":17}}},"2":{"name":"(anonymous_2)","line":7,"loc":{"start":{"line":7,"column":30},"end":{"line":7,"column":46}}}},"statementMap":{"1":{"start":{"line":1,"column":0},"end":{"line":1,"column":52}},"2":{"start":{"line":2,"column":0},"end":{"line":2,"column":48}},"3":{"start":{"line":4,"column":0},"end":{"line":6,"column":1}},"4":{"start":{"line":5,"column":4},"end":{"line":5,"column":61}},"5":{"start":{"line":7,"column":0},"end":{"line":11,"column":1}},"6":{"start":{"line":8,"column":4},"end":{"line":8,"column":59}},"7":{"start":{"line":10,"column":4},"end":{"line":10,"column":18}},"8":{"start":{"line":13,"column":0},"end":{"line":13,"column":23}}},"branchMap":{}},"/Users/wengjiaojiao/Documents/project/guess-number-javascript/spec/support/guess-unit-spec.js":{"path":"/Users/wengjiaojiao/Documents/project/guess-number-javascript/spec/support/guess-unit-spec.js","s":{"1":1,"2":1,"3":1,"4":1,"5":1,"6":1,"7":1,"8":1,"9":1,"10":1,"11":1,"12":1,"13":1,"14":1,"15":1,"16":1,"17":1,"18":1,"19":1,"20":1},"b":{"1":[1,0]},"f":{"1":1,"2":1,"3":1,"4":1,"5":1,"6":1},"fnMap":{"1":{"name":"(anonymous_1)","line":7,"loc":{"start":{"line":7,"column":18},"end":{"line":7,"column":29}}},"2":{"name":"(anonymous_2)","line":8,"loc":{"start":{"line":8,"column":31},"end":{"line":8,"column":42}}},"3":{"name":"(anonymous_3)","line":13,"loc":{"start":{"line":13,"column":19},"end":{"line":13,"column":30}}},"4":{"name":"(anonymous_4)","line":14,"loc":{"start":{"line":14,"column":80},"end":{"line":14,"column":91}}},"5":{"name":"(anonymous_5)","line":17,"loc":{"start":{"line":17,"column":57},"end":{"line":17,"column":73}}},"6":{"name":"(anonymous_6)","line":24,"loc":{"start":{"line":24,"column":63},"end":{"line":24,"column":74}}}},"statementMap":{"1":{"start":{"line":3,"column":0},"end":{"line":3,"column":45}},"2":{"start":{"line":4,"column":0},"end":{"line":4,"column":62}},"3":{"start":{"line":5,"column":0},"end":{"line":5,"column":66}},"4":{"start":{"line":7,"column":0},"end":{"line":33,"column":3}},"5":{"start":{"line":8,"column":4},"end":{"line":32,"column":7}},"6":{"start":{"line":9,"column":8},"end":{"line":9,"column":32}},"7":{"start":{"line":10,"column":8},"end":{"line":10,"column":31}},"8":{"start":{"line":11,"column":8},"end":{"line":11,"column":18}},"9":{"start":{"line":13,"column":8},"end":{"line":22,"column":11}},"10":{"start":{"line":14,"column":12},"end":{"line":16,"column":15}},"11":{"start":{"line":15,"column":16},"end":{"line":15,"column":42}},"12":{"start":{"line":17,"column":12},"end":{"line":21,"column":15}},"13":{"start":{"line":18,"column":16},"end":{"line":20,"column":17}},"14":{"start":{"line":19,"column":20},"end":{"line":19,"column":47}},"15":{"start":{"line":24,"column":8},"end":{"line":31,"column":11}},"16":{"start":{"line":25,"column":12},"end":{"line":25,"column":40}},"17":{"start":{"line":26,"column":12},"end":{"line":26,"column":41}},"18":{"start":{"line":27,"column":12},"end":{"line":27,"column":27}},"19":{"start":{"line":28,"column":12},"end":{"line":28,"column":56}},"20":{"start":{"line":30,"column":12},"end":{"line":30,"column":40}}},"branchMap":{"1":{"line":18,"type":"if","locations":[{"start":{"line":18,"column":16},"end":{"line":18,"column":16}},{"start":{"line":18,"column":16},"end":{"line":18,"column":16}}]}}},"/Users/wengjiaojiao/Documents/project/guess-number-javascript/app.js":{"path":"/Users/wengjiaojiao/Documents/project/guess-number-javascript/app.js","s":{"1":0,"2":0,"3":0,"4":0,"5":0},"b":{},"f":{"1":0},"fnMap":{"1":{"name":"(anonymous_1)","line":11,"loc":{"start":{"line":11,"column":35},"end":{"line":11,"column":52}}}},"statementMap":{"1":{"start":{"line":3,"column":0},"end":{"line":3,"column":35}},"2":{"start":{"line":5,"column":0},"end":{"line":8,"column":3}},"3":{"start":{"line":11,"column":0},"end":{"line":16,"column":3}},"4":{"start":{"line":13,"column":2},"end":{"line":13,"column":39}},"5":{"start":{"line":15,"column":2},"end":{"line":15,"column":13}}},"branchMap":{}}}