TN:
SF:/Users/wengjiaojiao/Documents/project/guess-number-javascript/spec/support/answer-generator-spec.js
FN:5,(anonymous_1)
FN:6,(anonymous_2)
FN:10,(anonymous_3)
FN:11,(anonymous_4)
FN:16,(anonymous_5)
FN:24,(anonymous_6)
FNF:6
FNH:6
FNDA:1,(anonymous_1)
FNDA:1,(anonymous_2)
FNDA:2,(anonymous_3)
FNDA:9,(anonymous_4)
FNDA:1,(anonymous_5)
FNDA:1,(anonymous_6)
DA:3,1
DA:5,1
DA:6,1
DA:7,1
DA:8,1
DA:10,1
DA:11,2
DA:12,9
DA:16,1
DA:17,1
DA:18,1
DA:19,1
DA:21,1
DA:24,1
DA:25,1
DA:26,1
DA:27,1
DA:29,1
LF:18
LH:18
BRF:0
BRH:0
end_of_record
TN:
SF:/Users/wengjiaojiao/Documents/project/guess-number-javascript/src/model/answer-generator.js
FN:6,answerGenerator
FN:10,(anonymous_2)
FNF:2
FNH:2
FNDA:6,answerGenerator
FNDA:5,(anonymous_2)
DA:6,1
DA:7,6
DA:10,1
DA:11,5
DA:13,5
DA:15,5
DA:16,12
DA:17,12
DA:18,11
DA:21,5
DA:24,1
LF:11
LH:11
BRDA:17,1,0,11
BRDA:17,1,1,1
BRF:2
BRH:2
end_of_record
TN:
SF:/Users/wengjiaojiao/Documents/project/guess-number-javascript/spec/support/compare-number-spec.js
FN:8,(anonymous_1)
FN:9,(anonymous_2)
FN:11,(anonymous_3)
FN:17,(anonymous_4)
FN:23,(anonymous_5)
FN:29,(anonymous_6)
FNF:6
FNH:6
FNDA:1,(anonymous_1)
FNDA:1,(anonymous_2)
FNDA:1,(anonymous_3)
FNDA:1,(anonymous_4)
FNDA:1,(anonymous_5)
FNDA:1,(anonymous_6)
DA:6,1
DA:8,1
DA:9,1
DA:11,1
DA:12,1
DA:14,1
DA:17,1
DA:18,1
DA:20,1
DA:23,1
DA:24,1
DA:26,1
DA:29,1
DA:30,1
DA:32,1
LF:15
LH:15
BRF:0
BRH:0
end_of_record
TN:
SF:/Users/wengjiaojiao/Documents/project/guess-number-javascript/src/model/compare-number.js
FN:6,compareNumber
FN:11,(anonymous_2)
FNF:2
FNH:1
FNDA:0,compareNumber
FNDA:7,(anonymous_2)
DA:6,1
DA:11,1
DA:12,7
DA:13,7
DA:15,7
DA:16,31
DA:17,10
DA:18,10
DA:20,21
DA:21,10
DA:24,7
DA:28,1
LF:12
LH:12
BRDA:16,1,0,10
BRDA:16,1,1,21
BRDA:20,2,0,10
BRDA:20,2,1,11
BRF:4
BRH:4
end_of_record
TN:
SF:/Users/wengjiaojiao/Documents/project/guess-number-javascript/spec/support/guess-spec.js
FN:5,(anonymous_1)
FN:6,(anonymous_2)
FN:7,(anonymous_3)
FN:8,(anonymous_4)
FN:13,(anonymous_5)
FN:19,(anonymous_6)
FN:25,(anonymous_7)
FNF:7
FNH:7
FNDA:1,(anonymous_1)
FNDA:1,(anonymous_2)
FNDA:3,(anonymous_3)
FNDA:3,(anonymous_4)
FNDA:1,(anonymous_5)
FNDA:1,(anonymous_6)
FNDA:1,(anonymous_7)
DA:3,1
DA:5,1
DA:6,1
DA:7,1
DA:8,3
DA:9,3
DA:13,1
DA:14,1
DA:16,1
DA:19,1
DA:20,1
DA:22,1
DA:25,1
DA:26,1
DA:28,1
LF:15
LH:15
BRF:0
BRH:0
end_of_record
TN:
SF:/Users/wengjiaojiao/Documents/project/guess-number-javascript/src/model/guess.js
FN:4,Guess
FN:7,(anonymous_2)
FNF:2
FNH:2
FNDA:4,Guess
FNDA:4,(anonymous_2)
DA:1,1
DA:2,1
DA:4,1
DA:5,4
DA:7,1
DA:8,4
DA:10,4
DA:13,1
LF:8
LH:8
BRF:0
BRH:0
end_of_record
TN:
SF:/Users/wengjiaojiao/Documents/project/guess-number-javascript/spec/support/guess-unit-spec.js
FN:7,(anonymous_1)
FN:8,(anonymous_2)
FN:13,(anonymous_3)
FN:14,(anonymous_4)
FN:17,(anonymous_5)
FN:24,(anonymous_6)
FNF:6
FNH:6
FNDA:1,(anonymous_1)
FNDA:1,(anonymous_2)
FNDA:1,(anonymous_3)
FNDA:1,(anonymous_4)
FNDA:1,(anonymous_5)
FNDA:1,(anonymous_6)
DA:3,1
DA:4,1
DA:5,1
DA:7,1
DA:8,1
DA:9,1
DA:10,1
DA:11,1
DA:13,1
DA:14,1
DA:15,1
DA:17,1
DA:18,1
DA:19,1
DA:24,1
DA:25,1
DA:26,1
DA:27,1
DA:28,1
DA:30,1
LF:20
LH:20
BRDA:18,1,0,1
BRDA:18,1,1,0
BRF:2
BRH:1
end_of_record
TN:
SF:/Users/wengjiaojiao/Documents/project/guess-number-javascript/app.js
FN:11,(anonymous_1)
FNF:1
FNH:0
FNDA:0,(anonymous_1)
DA:3,0
DA:5,0
DA:11,0
DA:13,0
DA:15,0
LF:5
LH:0
BRF:0
BRH:0
end_of_record
